<?xml version="1.0" encoding="UTF-8"?>
<testng-results skipped="0" failed="0" ignored="0" total="1" passed="1">
  <reporter-output>
    <line>
      <![CDATA[Setting up Reports and Test getting ready]]>
    </line>
    <line>
      <![CDATA[Setting Down Reports and Test can be Started]]>
    </line>
    <line>
      <![CDATA[Trying to Start Browser and Getting Application]]>
    </line>
    <line>
      <![CDATA[Browser and Application can be up and running]]>
    </line>
    <line>
      <![CDATA[Test is about to end]]>
    </line>
    <line>
      <![CDATA[Test Completed>>>Reports Generated]]>
    </line>
  </reporter-output>
  <suite name="Default suite" duration-ms="24991" started-at="2019-02-26T13:26:38Z" finished-at="2019-02-26T13:27:03Z">
    <groups>
    </groups>
    <test name="Default test" duration-ms="24991" started-at="2019-02-26T13:26:38Z" finished-at="2019-02-26T13:27:03Z">
      <class name="com.learnautomation.testcases.LoginTestCRM">
        <test-method status="PASS" signature="setUpSuit()[pri:0, instance:com.learnautomation.testcases.LoginTestCRM@604ed9f0]" name="setUpSuit" is-config="true" duration-ms="823" started-at="2019-02-26T13:26:38Z" finished-at="2019-02-26T13:26:38Z">
          <reporter-output>
            <line>
              <![CDATA[Setting up Reports and Test getting ready]]>
            </line>
            <line>
              <![CDATA[Setting Down Reports and Test can be Started]]>
            </line>
          </reporter-output>
        </test-method> <!-- setUpSuit -->
        <test-method status="PASS" signature="setup()[pri:0, instance:com.learnautomation.testcases.LoginTestCRM@604ed9f0]" name="setup" is-config="true" duration-ms="14055" started-at="2019-02-26T13:26:38Z" finished-at="2019-02-26T13:26:52Z">
          <reporter-output>
            <line>
              <![CDATA[Trying to Start Browser and Getting Application]]>
            </line>
            <line>
              <![CDATA[Browser and Application can be up and running]]>
            </line>
          </reporter-output>
        </test-method> <!-- setup -->
        <test-method status="PASS" signature="loginTest()[pri:0, instance:com.learnautomation.testcases.LoginTestCRM@604ed9f0]" name="loginTest" duration-ms="8777" started-at="2019-02-26T13:26:53Z" finished-at="2019-02-26T13:27:01Z">
          <reporter-output>
          </reporter-output>
        </test-method> <!-- loginTest -->
        <test-method status="PASS" signature="tearDownMethod(org.testng.ITestResult)[pri:0, instance:com.learnautomation.testcases.LoginTestCRM@604ed9f0]" name="tearDownMethod" is-config="true" duration-ms="1370" started-at="2019-02-26T13:27:01Z" finished-at="2019-02-26T13:27:03Z">
          <params>
            <param index="0">
              <value>
                <![CDATA[[TestResult name=loginTest status=SUCCESS method=LoginTestCRM.loginTest()[pri:0, instance:com.learnautomation.testcases.LoginTestCRM@604ed9f0] output={null}]]]>
              </value>
            </param>
          </params>
          <reporter-output>
            <line>
              <![CDATA[Test is about to end]]>
            </line>
            <line>
              <![CDATA[Test Completed>>>Reports Generated]]>
            </line>
          </reporter-output>
        </test-method> <!-- tearDownMethod -->
        <test-method status="PASS" signature="tearDown()[pri:0, instance:com.learnautomation.testcases.LoginTestCRM@604ed9f0]" name="tearDown" is-config="true" duration-ms="765" started-at="2019-02-26T13:27:03Z" finished-at="2019-02-26T13:27:03Z">
          <reporter-output>
          </reporter-output>
        </test-method> <!-- tearDown -->
      </class> <!-- com.learnautomation.testcases.LoginTestCRM -->
    </test> <!-- Default test -->
  </suite> <!-- Default suite -->
</testng-results>
